{"level":"info","message":"List User id:1 called","timestamp":"2018-10-12T07:00:01.143Z"}
{"level":"info","message":"\u001b[0mGET /users/1 \u001b[32m200 \u001b[0m18.207 ms - 130\u001b[0m\n","timestamp":"2018-10-12T07:00:01.154Z"}
{"level":"error","message":"404 - Not Found - /users/23/test - GET - ::1","timestamp":"2018-10-12T07:02:31.817Z"}
{"level":"info","message":"\u001b[0mGET /users/23/test \u001b[33m404 \u001b[0m11.455 ms - 36\u001b[0m\n","timestamp":"2018-10-12T07:02:31.827Z"}
{"errors":[{"location":"params","param":"field","value":"ied","msg":"The field must be one of the following: 'nickname','lastName','firstName','country','email','id'"}],"level":"error","message":"","timestamp":"2018-10-12T07:02:43.725Z"}
{"level":"info","message":"\u001b[0mGET /users/ied/test \u001b[33m422 \u001b[0m20.281 ms - 169\u001b[0m\n","timestamp":"2018-10-12T07:02:43.727Z"}
{"errors":[{"location":"params","param":"field","value":"ied","msg":"The field must be one of the following: 'nickname','lastName','firstName','country','email','id'"}],"level":"error","message":"","timestamp":"2018-10-12T07:02:48.925Z"}
{"level":"info","message":"\u001b[0mGET /users/ied/test \u001b[33m422 \u001b[0m2.202 ms - 169\u001b[0m\n","timestamp":"2018-10-12T07:02:48.927Z"}
{"errors":[{"location":"params","param":"field","value":"ied","msg":"The field must be one of the following: 'nickname','lastName','firstName','country','email','id'"}],"level":"error","message":"","timestamp":"2018-10-12T07:02:52.628Z"}
{"level":"info","message":"\u001b[0mGET /users/ied/test \u001b[33m422 \u001b[0m2.449 ms - 169\u001b[0m\n","timestamp":"2018-10-12T07:02:52.629Z"}
{"level":"info","message":"List Users with the following criteria:{field:_id, criteria:test} is called","timestamp":"2018-10-12T07:02:55.978Z"}
{"level":"error","message":"No user is found for the specified criteria","timestamp":"2018-10-12T07:02:55.979Z"}
{"level":"info","message":"\u001b[0mGET /users/id/test \u001b[33m422 \u001b[0m2.921 ms - 45\u001b[0m\n","timestamp":"2018-10-12T07:02:55.980Z"}
{"level":"info","message":"List Users with the following criteria:{field:_id, criteria:2} is called","timestamp":"2018-10-12T07:03:05.430Z"}
{"level":"info","message":"\u001b[0mGET /users/id/2 \u001b[32m200 \u001b[0m8.387 ms - 122\u001b[0m\n","timestamp":"2018-10-12T07:03:05.434Z"}
{"level":"info","message":"List Users with the following criteria:{field:country, criteria:SomeCountry} is called","timestamp":"2018-10-12T07:05:27.310Z"}
{"level":"error","message":"No user is found for the specified criteria","timestamp":"2018-10-12T07:05:27.310Z"}
{"level":"info","message":"\u001b[0mGET /users/country/SomeCountry \u001b[33m422 \u001b[0m3.994 ms - 45\u001b[0m\n","timestamp":"2018-10-12T07:05:27.312Z"}
{"level":"info","message":"List Users with the following criteria:{field:country, criteria:Outreach} is called","timestamp":"2018-10-12T07:05:34.635Z"}
{"level":"info","message":"\u001b[0mGET /users/country/Outreach \u001b[32m200 \u001b[0m3.416 ms - 130\u001b[0m\n","timestamp":"2018-10-12T07:05:34.637Z"}
{"level":"error","message":"404 - Not Found - /apidoc/ - GET - ::1","timestamp":"2018-10-12T07:08:20.621Z"}
{"level":"info","message":"\u001b[0mGET /apidoc/ \u001b[33m404 \u001b[0m1.940 ms - 36\u001b[0m\n","timestamp":"2018-10-12T07:08:20.622Z"}
{"level":"error","message":"404 - Not Found - /apidoc/ - GET - ::1","timestamp":"2018-10-12T07:08:24.076Z"}
{"level":"info","message":"\u001b[0mGET /apidoc/ \u001b[33m404 \u001b[0m1.333 ms - 36\u001b[0m\n","timestamp":"2018-10-12T07:08:24.077Z"}
{"level":"info","message":"\u001b[0mGET /favicon.ico \u001b[0m- \u001b[0m- ms - -\u001b[0m\n","timestamp":"2018-10-12T07:08:24.590Z"}
{"level":"info","message":"\u001b[0mGET /favicon.ico \u001b[0m- \u001b[0m- ms - -\u001b[0m\n","timestamp":"2018-10-12T07:08:24.834Z"}
{"level":"error","message":"404 - Not Found - /apidoc - GET - ::1","timestamp":"2018-10-12T07:08:24.846Z"}
{"level":"info","message":"\u001b[0mGET /apidoc \u001b[33m404 \u001b[0m3.037 ms - 36\u001b[0m\n","timestamp":"2018-10-12T07:08:24.847Z"}
{"level":"error","message":"404 - Not Found - /apidoc - GET - ::1","timestamp":"2018-10-12T07:08:24.850Z"}
{"level":"info","message":"\u001b[0mGET /apidoc \u001b[33m404 \u001b[0m1.096 ms - 36\u001b[0m\n","timestamp":"2018-10-12T07:08:24.851Z"}
{"level":"info","message":"List Users with the following criteria:{field:country, criteria:Outreach} is called","timestamp":"2018-10-12T07:10:20.136Z"}
{"level":"info","message":"\u001b[0mGET /users/country/Outreach \u001b[32m200 \u001b[0m5.064 ms - 130\u001b[0m\n","timestamp":"2018-10-12T07:10:20.138Z"}
{"level":"info","message":"Create User called","timestamp":"2018-10-12T07:11:27.809Z"}
{"message":"User created","level":"info","timestamp":"2018-10-12T07:11:27.810Z"}
{"user":{"nickname":"TestNickname","firstName":"Test","lastName":"Testing","country":"Outreach","email":"test@test.com","password":"8ed765fbfb2690898c63a06583d1d92ae7808c8567200f05d6809c720a93f3fa","_id":{"_bsontype":"ObjectID","id":{"0":91,"1":192,"2":73,"3":31,"4":28,"5":157,"6":68,"7":3,"8":164,"9":255,"10":83,"11":18}}},"level":"info","message":"","timestamp":"2018-10-12T07:11:27.810Z"}
{"level":"info","message":"\u001b[0mPOST /users/create \u001b[32m200 \u001b[0m76.134 ms - 27\u001b[0m\n","timestamp":"2018-10-12T07:11:27.823Z"}
{"errors":{"code":"ECONNREFUSED","errno":"ECONNREFUSED","syscall":"connect","address":"127.0.0.1","port":3001},"level":"error","message":"","timestamp":"2018-10-12T07:11:27.836Z"}
{"message":"Search microservice could not be notified","level":"error","timestamp":"2018-10-12T07:11:27.837Z"}
{"level":"info","message":"List Users with the following criteria:{field:country, criteria:Outreach} is called","timestamp":"2018-10-12T07:11:34.909Z"}
{"level":"info","message":"\u001b[0mGET /users/country/Outreach \u001b[32m200 \u001b[0m2.397 ms - 276\u001b[0m\n","timestamp":"2018-10-12T07:11:34.911Z"}
{"level":"info","message":"List Users with the following criteria:{field:country, criteria:Outreachd} is called","timestamp":"2018-10-12T07:12:40.733Z"}
{"level":"error","message":"No user is found for the specified criteria","timestamp":"2018-10-12T07:12:40.733Z"}
{"level":"info","message":"\u001b[0mGET /users/country/Outreachd \u001b[33m422 \u001b[0m6.242 ms - 45\u001b[0m\n","timestamp":"2018-10-12T07:12:40.734Z"}
{"errors":[{"location":"params","param":"field","value":"test","msg":"The field must be one of the following: 'nickname','lastName','firstName','country','email','id'"}],"level":"error","message":"","timestamp":"2018-10-12T07:13:49.183Z"}
{"level":"info","message":"\u001b[0mGET /users/test/Outreach \u001b[33m422 \u001b[0m3.716 ms - 170\u001b[0m\n","timestamp":"2018-10-12T07:13:49.184Z"}
{"level":"info","message":"Delete User with id:5bc0491f1c9d4403a4ff5312 called","timestamp":"2018-10-12T07:19:30.982Z"}
{"message":"User 5bc0491f1c9d4403a4ff5312 deleted","level":"info","timestamp":"2018-10-12T07:19:30.983Z"}
{"level":"info","message":"\u001b[0mDELETE /users/5bc0491f1c9d4403a4ff5312 \u001b[32m200 \u001b[0m2.490 ms - 27\u001b[0m\n","timestamp":"2018-10-12T07:19:30.984Z"}
{"errors":[{"location":"params","param":"field","value":"test","msg":"The field must be one of the following: 'nickname','lastName','firstName','country','email','id'"}],"level":"error","message":"","timestamp":"2018-10-12T07:19:40.242Z"}
{"level":"info","message":"\u001b[0mGET /users/test/Outreach \u001b[33m422 \u001b[0m2.369 ms - 170\u001b[0m\n","timestamp":"2018-10-12T07:19:40.243Z"}
{"level":"info","message":"List Users with the following criteria:{field:country, criteria:Outreach} is called","timestamp":"2018-10-12T07:19:47.942Z"}
{"level":"info","message":"\u001b[0mGET /users/country/Outreach \u001b[32m200 \u001b[0m1.724 ms - 130\u001b[0m\n","timestamp":"2018-10-12T07:19:47.943Z"}
{"level":"error","message":"404 - Not Found - /users - POST - ::1","timestamp":"2018-10-12T07:31:16.778Z"}
{"level":"info","message":"\u001b[0mPOST /users \u001b[33m404 \u001b[0m2.113 ms - 36\u001b[0m\n","timestamp":"2018-10-12T07:31:16.779Z"}
{"errors":[{"location":"body","param":"country","value":"Inner Sphere","msg":"Nickname should be alphabetic"},{"location":"body","param":"password","value":"Test1234","msg":"Password must include one lowercase character, one uppercase character, a number, and a special character."}],"level":"error","message":"","timestamp":"2018-10-12T07:31:24.289Z"}
{"level":"info","message":"\u001b[0mPOST /users/create \u001b[33m422 \u001b[0m3.039 ms - 284\u001b[0m\n","timestamp":"2018-10-12T07:31:24.290Z"}
{"errors":[{"location":"body","param":"country","value":"Inner Sphere","msg":"Nickname should be alphabetic"}],"level":"error","message":"","timestamp":"2018-10-12T07:32:15.111Z"}
{"level":"info","message":"\u001b[0mPOST /users/create \u001b[33m422 \u001b[0m3.146 ms - 111\u001b[0m\n","timestamp":"2018-10-12T07:32:15.112Z"}
{"errors":[{"location":"body","param":"country","value":"Inner Sphere","msg":"Country should be alphanumeric"}],"level":"error","message":"","timestamp":"2018-10-12T07:32:56.397Z"}
{"level":"info","message":"\u001b[0mPOST /users/create \u001b[33m422 \u001b[0m50.989 ms - 112\u001b[0m\n","timestamp":"2018-10-12T07:32:56.407Z"}
{"level":"info","message":"Create User called","timestamp":"2018-10-12T07:35:13.163Z"}
{"message":"User created","level":"info","timestamp":"2018-10-12T07:35:13.165Z"}
{"user":{"nickname":"Dragoon","firstName":"Jamie","lastName":"Wolf","country":"InnerSphere","email":"jamie@wolf.com","password":"a35ba5dd3f4669e00e1c2d5fcc4b189292b07f03f41ece887ab842532075e538","_id":{"_bsontype":"ObjectID","id":{"0":91,"1":192,"2":78,"3":177,"4":28,"5":157,"6":68,"7":4,"8":10,"9":16,"10":214,"11":120}}},"level":"info","message":"","timestamp":"2018-10-12T07:35:13.165Z"}
{"level":"info","message":"\u001b[0mPOST /users/create \u001b[32m200 \u001b[0m16.820 ms - 27\u001b[0m\n","timestamp":"2018-10-12T07:35:13.173Z"}
{"errors":{"code":"ECONNREFUSED","errno":"ECONNREFUSED","syscall":"connect","address":"127.0.0.1","port":3001},"level":"error","message":"","timestamp":"2018-10-12T07:35:13.182Z"}
{"message":"Search microservice could not be notified","level":"error","timestamp":"2018-10-12T07:35:13.183Z"}
{"date":"Fri Oct 12 2018 10:36:57 GMT+0300 (EEST)","process":{"pid":1049,"uid":501,"gid":20,"cwd":"/Users/skylight/development/microservices-concept/node-users","execPath":"/usr/local/Cellar/node/7.5.0/bin/node","version":"v7.5.0","argv":["/usr/local/Cellar/node/7.5.0/bin/node","/Users/skylight/development/microservices-concept/node-users/bin/www"],"memoryUsage":{"rss":37232640,"heapTotal":23146496,"heapUsed":14490592,"external":169115}},"os":{"loadavg":[1.47216796875,1.4833984375,1.53369140625],"uptime":3002},"trace":[{"column":16,"file":"vm.js","function":"Object.exports.runInThisContext","line":73,"method":"runInThisContext","native":false},{"column":28,"file":"module.js","function":"Module._compile","line":543,"method":"_compile","native":false},{"column":10,"file":"module.js","function":"Module._extensions..js","line":580,"method":".js","native":false},{"column":32,"file":"module.js","function":"Module.load","line":488,"method":"load","native":false},{"column":12,"file":"module.js","function":"tryModuleLoad","line":447,"method":null,"native":false},{"column":3,"file":"module.js","function":"Module._load","line":439,"method":"_load","native":false},{"column":17,"file":"module.js","function":"Module.require","line":498,"method":"require","native":false},{"column":19,"file":"internal/module.js","function":"require","line":20,"method":null,"native":false},{"column":19,"file":"/Users/skylight/development/microservices-concept/node-users/app.js","function":null,"line":15,"method":null,"native":false},{"column":32,"file":"module.js","function":"Module._compile","line":571,"method":"_compile","native":false}],"stack":["/Users/skylight/development/microservices-concept/node-users/routes/users.js:297","        res.status(200).json({message: 'User successfully created', id: user.id);","                                                                               ^","SyntaxError: Unexpected token )","    at Object.exports.runInThisContext (vm.js:73:16)","    at Module._compile (module.js:543:28)","    at Object.Module._extensions..js (module.js:580:10)","    at Module.load (module.js:488:32)","    at tryModuleLoad (module.js:447:12)","    at Function.Module._load (module.js:439:3)","    at Module.require (module.js:498:17)","    at require (internal/module.js:20:19)","    at Object.<anonymous> (/Users/skylight/development/microservices-concept/node-users/app.js:15:19)","    at Module._compile (module.js:571:32)"],"level":"error","message":"uncaughtException: Unexpected token )","timestamp":"2018-10-12T07:36:57.361Z"}
{"level":"info","message":"Create User called","timestamp":"2018-10-12T07:37:17.026Z"}
{"message":"User created","level":"info","timestamp":"2018-10-12T07:37:17.030Z"}
{"user":{"nickname":"Dragoon","firstName":"Jamie","lastName":"Wolf","country":"InnerSphere","email":"jamie@wolf.com","password":"a35ba5dd3f4669e00e1c2d5fcc4b189292b07f03f41ece887ab842532075e538","_id":{"_bsontype":"ObjectID","id":{"0":91,"1":192,"2":79,"3":45,"4":28,"5":157,"6":68,"7":4,"8":29,"9":253,"10":200,"11":162}}},"level":"info","message":"","timestamp":"2018-10-12T07:37:17.031Z"}
{"level":"info","message":"\u001b[0mPOST /users/create \u001b[32m200 \u001b[0m62.751 ms - 39\u001b[0m\n","timestamp":"2018-10-12T07:37:17.044Z"}
{"errors":{"code":"ECONNREFUSED","errno":"ECONNREFUSED","syscall":"connect","address":"127.0.0.1","port":3001},"level":"error","message":"","timestamp":"2018-10-12T07:37:17.059Z"}
{"message":"Search microservice could not be notified","level":"error","timestamp":"2018-10-12T07:37:17.059Z"}
{"level":"info","message":"Create User called","timestamp":"2018-10-12T07:38:36.280Z"}
{"message":"User created","level":"info","timestamp":"2018-10-12T07:38:36.283Z"}
{"user":{"nickname":"Dragoon","firstName":"Jamie","lastName":"Wolf","country":"InnerSphere","email":"jamie@wolf.com","password":"a35ba5dd3f4669e00e1c2d5fcc4b189292b07f03f41ece887ab842532075e538","_id":{"_bsontype":"ObjectID","id":{"0":91,"1":192,"2":79,"3":124,"4":28,"5":157,"6":68,"7":4,"8":34,"9":126,"10":230,"11":99}}},"level":"info","message":"","timestamp":"2018-10-12T07:38:36.284Z"}
{"level":"info","message":"\u001b[0mPOST /users/create \u001b[32m200 \u001b[0m52.767 ms - 39\u001b[0m\n","timestamp":"2018-10-12T07:38:36.296Z"}
{"errors":{"code":"ECONNREFUSED","errno":"ECONNREFUSED","syscall":"connect","address":"127.0.0.1","port":3001},"level":"error","message":"","timestamp":"2018-10-12T07:38:36.308Z"}
{"message":"Search microservice could not be notified","level":"error","timestamp":"2018-10-12T07:38:36.308Z"}
{"level":"info","message":"Create User called","timestamp":"2018-10-12T07:39:55.692Z"}
{"message":"User created","level":"info","timestamp":"2018-10-12T07:39:55.696Z"}
{"user":{"nickname":"Dragoon","firstName":"Jamie","lastName":"Wolf","country":"InnerSphere","email":"jamie@wolf.com","password":"a35ba5dd3f4669e00e1c2d5fcc4b189292b07f03f41ece887ab842532075e538","_id":{"_bsontype":"ObjectID","id":{"0":91,"1":192,"2":79,"3":203,"4":28,"5":157,"6":68,"7":4,"8":42,"9":212,"10":231,"11":105}}},"level":"info","message":"","timestamp":"2018-10-12T07:39:55.697Z"}
{"level":"info","message":"\u001b[0mPOST /users/create \u001b[32m200 \u001b[0m53.505 ms - 27\u001b[0m\n","timestamp":"2018-10-12T07:39:55.709Z"}
{"errors":{"code":"ECONNREFUSED","errno":"ECONNREFUSED","syscall":"connect","address":"127.0.0.1","port":3001},"level":"error","message":"","timestamp":"2018-10-12T07:39:55.721Z"}
{"message":"Search microservice could not be notified","level":"error","timestamp":"2018-10-12T07:39:55.721Z"}
{"level":"info","message":"Create User called","timestamp":"2018-10-12T07:44:04.780Z"}
{"message":"User created","level":"info","timestamp":"2018-10-12T07:44:04.783Z"}
{"user":{"nickname":"Dragoon","firstName":"Jamie","lastName":"Wolf","country":"Inner Sphere","email":"jamie@wolf.com","password":"a35ba5dd3f4669e00e1c2d5fcc4b189292b07f03f41ece887ab842532075e538","_id":{"_bsontype":"ObjectID","id":{"0":91,"1":192,"2":80,"3":196,"4":28,"5":157,"6":68,"7":4,"8":51,"9":180,"10":200,"11":30}}},"level":"info","message":"","timestamp":"2018-10-12T07:44:04.783Z"}
{"level":"info","message":"\u001b[0mPOST /users/create \u001b[32m200 \u001b[0m60.310 ms - 27\u001b[0m\n","timestamp":"2018-10-12T07:44:04.796Z"}
{"errors":{"code":"ECONNREFUSED","errno":"ECONNREFUSED","syscall":"connect","address":"127.0.0.1","port":3001},"level":"error","message":"","timestamp":"2018-10-12T07:44:04.810Z"}
{"message":"Search microservice could not be notified","level":"error","timestamp":"2018-10-12T07:44:04.811Z"}
{"level":"info","message":"List Users called","timestamp":"2018-10-12T07:44:17.783Z"}
{"level":"info","message":"\u001b[0mGET /users \u001b[32m200 \u001b[0m4.141 ms - 515\u001b[0m\n","timestamp":"2018-10-12T07:44:17.786Z"}
{"level":"info","message":"Create User called","timestamp":"2018-10-12T07:45:07.777Z"}
{"message":"User created","level":"info","timestamp":"2018-10-12T07:45:07.780Z"}
{"user":{"nickname":"Dragoon","firstName":"Jamie Doe","lastName":"Wolf","country":"Inner Sphere","email":"jamie@wolf.com","password":"a35ba5dd3f4669e00e1c2d5fcc4b189292b07f03f41ece887ab842532075e538","_id":{"_bsontype":"ObjectID","id":{"0":91,"1":192,"2":81,"3":3,"4":28,"5":157,"6":68,"7":4,"8":59,"9":125,"10":239,"11":145}}},"level":"info","message":"","timestamp":"2018-10-12T07:45:07.781Z"}
{"level":"info","message":"\u001b[0mPOST /users/create \u001b[32m200 \u001b[0m53.368 ms - 27\u001b[0m\n","timestamp":"2018-10-12T07:45:07.793Z"}
{"errors":{"code":"ECONNREFUSED","errno":"ECONNREFUSED","syscall":"connect","address":"127.0.0.1","port":3001},"level":"error","message":"","timestamp":"2018-10-12T07:45:07.803Z"}
{"message":"Search microservice could not be notified","level":"error","timestamp":"2018-10-12T07:45:07.803Z"}
{"level":"info","message":"List Users called","timestamp":"2018-10-12T07:45:11.187Z"}
{"level":"info","message":"\u001b[0mGET /users \u001b[32m200 \u001b[0m4.481 ms - 519\u001b[0m\n","timestamp":"2018-10-12T07:45:11.190Z"}
{"level":"info","message":"Update User id:1 called","timestamp":"2018-10-12T07:49:01.588Z"}
{"message":"User 1 updated","level":"info","timestamp":"2018-10-12T07:49:01.590Z"}
{"user":[{"_id":"1"}],"level":"info","message":"","timestamp":"2018-10-12T07:49:01.590Z"}
{"level":"info","message":"\u001b[0mPUT /users/1 \u001b[32m200 \u001b[0m11.647 ms - 27\u001b[0m\n","timestamp":"2018-10-12T07:49:01.593Z"}
{"errors":{"code":"ECONNREFUSED","errno":"ECONNREFUSED","syscall":"connect","address":"127.0.0.1","port":3002},"level":"error","message":"","timestamp":"2018-10-12T07:49:01.597Z"}
{"message":"Competition microservice could not be notified","level":"error","timestamp":"2018-10-12T07:49:01.597Z"}
{"level":"info","message":"List Users called","timestamp":"2018-10-12T07:49:05.565Z"}
{"level":"info","message":"\u001b[0mGET /users \u001b[32m200 \u001b[0m1.990 ms - 519\u001b[0m\n","timestamp":"2018-10-12T07:49:05.567Z"}
{"level":"info","message":"List Users called","timestamp":"2018-10-12T07:50:31.645Z"}
{"level":"info","message":"\u001b[0mGET /users \u001b[32m200 \u001b[0m4.186 ms - 519\u001b[0m\n","timestamp":"2018-10-12T07:50:31.646Z"}
{"level":"info","message":"List Users called","timestamp":"2018-10-12T07:51:26.958Z"}
{"level":"info","message":"\u001b[0mGET /users \u001b[32m200 \u001b[0m0.959 ms - 519\u001b[0m\n","timestamp":"2018-10-12T07:51:26.959Z"}
{"level":"info","message":"Update User id:1 called","timestamp":"2018-10-12T07:51:53.686Z"}
{"message":"User 1 updated","level":"info","timestamp":"2018-10-12T07:51:53.687Z"}
{"user":[{"_id":"1"}],"level":"info","message":"","timestamp":"2018-10-12T07:51:53.687Z"}
{"level":"info","message":"\u001b[0mPUT /users/1 \u001b[32m200 \u001b[0m6.490 ms - 27\u001b[0m\n","timestamp":"2018-10-12T07:51:53.689Z"}
{"errors":{"code":"ECONNREFUSED","errno":"ECONNREFUSED","syscall":"connect","address":"127.0.0.1","port":3002},"level":"error","message":"","timestamp":"2018-10-12T07:51:53.694Z"}
{"message":"Competition microservice could not be notified","level":"error","timestamp":"2018-10-12T07:51:53.694Z"}
{"errors":[{"location":"body","param":"firstName","msg":"First Name should be alphabetic"},{"location":"body","param":"lastName","msg":"Last Name should be alphabetic"}],"level":"error","message":"","timestamp":"2018-10-12T07:53:25.970Z"}
{"level":"info","message":"\u001b[0mPUT /users/1 \u001b[33m422 \u001b[0m52.366 ms - 170\u001b[0m\n","timestamp":"2018-10-12T07:53:25.981Z"}
{"level":"info","message":"Update User id:1 called","timestamp":"2018-10-12T07:54:02.076Z"}
{"message":"User 1 updated","level":"info","timestamp":"2018-10-12T07:54:02.080Z"}
{"user":[{"_id":"1"}],"level":"info","message":"","timestamp":"2018-10-12T07:54:02.081Z"}
{"level":"info","message":"\u001b[0mPUT /users/1 \u001b[32m200 \u001b[0m53.741 ms - 27\u001b[0m\n","timestamp":"2018-10-12T07:54:02.093Z"}
{"errors":{"code":"ECONNREFUSED","errno":"ECONNREFUSED","syscall":"connect","address":"127.0.0.1","port":3002},"level":"error","message":"","timestamp":"2018-10-12T07:54:02.104Z"}
{"message":"Competition microservice could not be notified","level":"error","timestamp":"2018-10-12T07:54:02.104Z"}
{"level":"info","message":"List Users called","timestamp":"2018-10-12T07:55:40.374Z"}
{"level":"info","message":"\u001b[0mGET /users \u001b[32m200 \u001b[0m4.654 ms - 371\u001b[0m\n","timestamp":"2018-10-12T07:55:40.377Z"}
{"level":"info","message":"Update User id:1 called","timestamp":"2018-10-12T07:56:34.623Z"}
{"message":"User 1 updated","level":"info","timestamp":"2018-10-12T07:56:34.624Z"}
{"user":[{"_id":"1"}],"level":"info","message":"","timestamp":"2018-10-12T07:56:34.624Z"}
{"level":"info","message":"\u001b[0mPUT /users/1 \u001b[32m200 \u001b[0m5.981 ms - 27\u001b[0m\n","timestamp":"2018-10-12T07:56:34.627Z"}
{"errors":{"code":"ECONNREFUSED","errno":"ECONNREFUSED","syscall":"connect","address":"127.0.0.1","port":3002},"level":"error","message":"","timestamp":"2018-10-12T07:56:34.631Z"}
{"message":"Competition microservice could not be notified","level":"error","timestamp":"2018-10-12T07:56:34.631Z"}
{"level":"info","message":"List Users called","timestamp":"2018-10-12T07:56:41.122Z"}
{"level":"info","message":"\u001b[0mGET /users \u001b[32m200 \u001b[0m1.151 ms - 371\u001b[0m\n","timestamp":"2018-10-12T07:56:41.122Z"}
{"level":"info","message":"Update User id:1 called","timestamp":"2018-10-12T08:07:01.519Z"}
{"message":"User 1 updated","level":"info","timestamp":"2018-10-12T08:07:01.526Z"}
{"user":[{"_id":"1"}],"level":"info","message":"","timestamp":"2018-10-12T08:07:01.526Z"}
{"level":"info","message":"\u001b[0mPUT /users/1 \u001b[32m200 \u001b[0m64.077 ms - 27\u001b[0m\n","timestamp":"2018-10-12T08:07:01.539Z"}
{"errors":{"code":"ECONNREFUSED","errno":"ECONNREFUSED","syscall":"connect","address":"127.0.0.1","port":3002},"level":"error","message":"","timestamp":"2018-10-12T08:07:01.553Z"}
{"message":"Competition microservice could not be notified","level":"error","timestamp":"2018-10-12T08:07:01.554Z"}
{"level":"info","message":"Update User id:1 called","timestamp":"2018-10-12T08:08:13.906Z"}
{"message":"User 1 updated","level":"info","timestamp":"2018-10-12T08:08:13.913Z"}
{"user":[{"_id":"1"}],"level":"info","message":"","timestamp":"2018-10-12T08:08:13.914Z"}
{"level":"info","message":"\u001b[0mPUT /users/1 \u001b[32m200 \u001b[0m57.638 ms - 27\u001b[0m\n","timestamp":"2018-10-12T08:08:13.926Z"}
{"errors":{"code":"ECONNREFUSED","errno":"ECONNREFUSED","syscall":"connect","address":"127.0.0.1","port":3002},"level":"error","message":"","timestamp":"2018-10-12T08:08:13.937Z"}
{"message":"Competition microservice could not be notified","level":"error","timestamp":"2018-10-12T08:08:13.937Z"}
{"level":"info","message":"Update User id:1 called","timestamp":"2018-10-12T08:09:00.448Z"}
{"message":"User 1 updated","level":"info","timestamp":"2018-10-12T08:09:00.455Z"}
{"user":[{"_id":"1","firstName":"Natasha","lastName":"Kerensky","nickname":"Black Widow","password":"72ec8aac1a9c842a47de2dc8c81532d853611d7f590c80aa30af670e472f7236","email":"natasha@test.com","country":"Outreach"}],"level":"info","message":"","timestamp":"2018-10-12T08:09:00.455Z"}
{"level":"info","message":"\u001b[0mPUT /users/1 \u001b[32m200 \u001b[0m56.552 ms - 27\u001b[0m\n","timestamp":"2018-10-12T08:09:00.467Z"}
{"errors":{"code":"ECONNREFUSED","errno":"ECONNREFUSED","syscall":"connect","address":"127.0.0.1","port":3002},"level":"error","message":"","timestamp":"2018-10-12T08:09:00.478Z"}
{"message":"Competition microservice could not be notified","level":"error","timestamp":"2018-10-12T08:09:00.478Z"}
{"level":"info","message":"List Users called","timestamp":"2018-10-12T08:09:34.539Z"}
{"level":"info","message":"\u001b[0mGET /users \u001b[32m200 \u001b[0m3.244 ms - 371\u001b[0m\n","timestamp":"2018-10-12T08:09:34.541Z"}
{"level":"info","message":"Update User id:1 called","timestamp":"2018-10-12T08:10:13.851Z"}
{"message":"User 1 updated","level":"info","timestamp":"2018-10-12T08:10:13.858Z"}
{"user":[{"_id":"1","firstName":"Natasha","lastName":"Kerensky","nickname":"Black Widow","password":"72ec8aac1a9c842a47de2dc8c81532d853611d7f590c80aa30af670e472f7236","email":"natasha@test.com","country":"Outreach"}],"level":"info","message":"","timestamp":"2018-10-12T08:10:13.858Z"}
{"level":"info","message":"\u001b[0mPUT /users/1 \u001b[32m200 \u001b[0m57.212 ms - 27\u001b[0m\n","timestamp":"2018-10-12T08:10:13.870Z"}
{"errors":{"code":"ECONNREFUSED","errno":"ECONNREFUSED","syscall":"connect","address":"127.0.0.1","port":3002},"level":"error","message":"","timestamp":"2018-10-12T08:10:13.882Z"}
{"message":"Competition microservice could not be notified","level":"error","timestamp":"2018-10-12T08:10:13.883Z"}
{"level":"info","message":"Update User id:1 called","timestamp":"2018-10-12T08:10:41.380Z"}
{"level":"error","message":"User with id:1 does not exist","timestamp":"2018-10-12T08:10:41.383Z"}
{"level":"info","message":"\u001b[0mPUT /users/1 \u001b[33m422 \u001b[0m46.239 ms - 31\u001b[0m\n","timestamp":"2018-10-12T08:10:41.391Z"}
{"level":"info","message":"Update User id:1 called","timestamp":"2018-10-12T08:10:54.733Z"}
{"level":"error","message":"User with id:1 does not exist","timestamp":"2018-10-12T08:10:54.734Z"}
{"level":"info","message":"\u001b[0mPUT /users/1 \u001b[33m422 \u001b[0m10.828 ms - 31\u001b[0m\n","timestamp":"2018-10-12T08:10:54.736Z"}
{"level":"info","message":"List Users called","timestamp":"2018-10-12T08:11:01.974Z"}
{"level":"info","message":"\u001b[0mGET /users \u001b[32m200 \u001b[0m13.269 ms - 371\u001b[0m\n","timestamp":"2018-10-12T08:11:01.985Z"}
{"level":"info","message":"Update User id:1 called","timestamp":"2018-10-12T08:11:04.721Z"}
{"level":"error","message":"User with id:1 does not exist","timestamp":"2018-10-12T08:11:04.722Z"}
{"level":"info","message":"\u001b[0mPUT /users/1 \u001b[33m422 \u001b[0m42.968 ms - 31\u001b[0m\n","timestamp":"2018-10-12T08:11:04.724Z"}
{"level":"info","message":"Update User id:1 called","timestamp":"2018-10-12T08:11:28.797Z"}
{"message":"User 1 updated","level":"info","timestamp":"2018-10-12T08:11:28.804Z"}
{"user":{"_id":"1","firstName":"Natasha","lastName":"Kerensky","nickname":"Dragoons","password":"72ec8aac1a9c842a47de2dc8c81532d853611d7f590c80aa30af670e472f7236","email":"jamie@wolf23.com","country":"InnerSphere"},"level":"info","message":"","timestamp":"2018-10-12T08:11:28.804Z"}
{"level":"info","message":"\u001b[0mPUT /users/1 \u001b[32m200 \u001b[0m56.692 ms - 27\u001b[0m\n","timestamp":"2018-10-12T08:11:28.816Z"}
{"errors":{"code":"ECONNREFUSED","errno":"ECONNREFUSED","syscall":"connect","address":"127.0.0.1","port":3002},"level":"error","message":"","timestamp":"2018-10-12T08:11:28.827Z"}
{"message":"Competition microservice could not be notified","level":"error","timestamp":"2018-10-12T08:11:28.828Z"}
{"level":"info","message":"List Users called","timestamp":"2018-10-12T08:11:41.190Z"}
{"level":"info","message":"\u001b[0mGET /users \u001b[32m200 \u001b[0m3.613 ms - 371\u001b[0m\n","timestamp":"2018-10-12T08:11:41.192Z"}
{"level":"info","message":"Update User id:1 called","timestamp":"2018-10-12T08:13:37.148Z"}
{"message":"User 1 updated","level":"info","timestamp":"2018-10-12T08:13:37.149Z"}
{"user":{"_id":"1","firstName":"Natasha","lastName":"Kerensky","nickname":"Dragoons","password":"72ec8aac1a9c842a47de2dc8c81532d853611d7f590c80aa30af670e472f7236","email":"jamie@wolf23.com","country":"InnerSphere"},"level":"info","message":"","timestamp":"2018-10-12T08:13:37.149Z"}
{"level":"info","message":"\u001b[0mPUT /users/1 \u001b[32m200 \u001b[0m4.329 ms - 27\u001b[0m\n","timestamp":"2018-10-12T08:13:37.150Z"}
{"level":"info","message":"Update User id:1 called","timestamp":"2018-10-12T08:13:39.360Z"}
{"message":"User 1 updated","level":"info","timestamp":"2018-10-12T08:13:39.360Z"}
{"user":{"_id":"1","firstName":"Natasha","lastName":"Kerensky","nickname":"Dragoons","password":"72ec8aac1a9c842a47de2dc8c81532d853611d7f590c80aa30af670e472f7236","email":"jamie@wolf23.com","country":"InnerSphere"},"level":"info","message":"","timestamp":"2018-10-12T08:13:39.360Z"}
{"level":"info","message":"\u001b[0mPUT /users/1 \u001b[32m200 \u001b[0m3.755 ms - 27\u001b[0m\n","timestamp":"2018-10-12T08:13:39.361Z"}
{"level":"info","message":"\u001b[0mGET /apidoc/ \u001b[32m200 \u001b[0m10.695 ms - 27577\u001b[0m\n","timestamp":"2018-10-12T08:20:38.657Z"}
{"level":"info","message":"\u001b[0mGET /apidoc/css/style.css \u001b[32m200 \u001b[0m7.350 ms - 10418\u001b[0m\n","timestamp":"2018-10-12T08:20:38.679Z"}
{"level":"info","message":"\u001b[0mGET /apidoc/vendor/prettify.css \u001b[32m200 \u001b[0m7.964 ms - 1956\u001b[0m\n","timestamp":"2018-10-12T08:20:38.682Z"}
{"level":"info","message":"\u001b[0mGET /apidoc/vendor/polyfill.js \u001b[32m200 \u001b[0m8.543 ms - 2900\u001b[0m\n","timestamp":"2018-10-12T08:20:38.684Z"}
{"level":"info","message":"\u001b[0mGET /apidoc/vendor/require.min.js \u001b[32m200 \u001b[0m9.123 ms - 15825\u001b[0m\n","timestamp":"2018-10-12T08:20:38.686Z"}
{"level":"info","message":"\u001b[0mGET /apidoc/vendor/bootstrap.min.css \u001b[32m200 \u001b[0m8.511 ms - 121200\u001b[0m\n","timestamp":"2018-10-12T08:20:38.687Z"}
{"level":"info","message":"\u001b[0mGET /apidoc/main.js \u001b[32m200 \u001b[0m0.647 ms - 28722\u001b[0m\n","timestamp":"2018-10-12T08:20:38.775Z"}
{"level":"info","message":"\u001b[0mGET /apidoc/vendor/lodash.custom.min.js?v=1539332438784 \u001b[32m200 \u001b[0m7.018 ms - 19579\u001b[0m\n","timestamp":"2018-10-12T08:20:38.804Z"}
{"level":"info","message":"\u001b[0mGET /apidoc/locales/locale.js?v=1539332438784 \u001b[32m200 \u001b[0m8.164 ms - 1226\u001b[0m\n","timestamp":"2018-10-12T08:20:38.806Z"}
{"level":"info","message":"\u001b[0mGET /apidoc/api_project.js?v=1539332438784 \u001b[32m200 \u001b[0m8.712 ms - 394\u001b[0m\n","timestamp":"2018-10-12T08:20:38.807Z"}
{"level":"info","message":"\u001b[0mGET /apidoc/api_data.js?v=1539332438784 \u001b[32m200 \u001b[0m9.716 ms - 12627\u001b[0m\n","timestamp":"2018-10-12T08:20:38.809Z"}
{"level":"info","message":"\u001b[0mGET /apidoc/vendor/jquery.min.js?v=1539332438784 \u001b[32m200 \u001b[0m7.342 ms - 85630\u001b[0m\n","timestamp":"2018-10-12T08:20:38.824Z"}
{"level":"info","message":"\u001b[0mGET /apidoc/utils/send_sample_request.js?v=1539332438784 \u001b[32m200 \u001b[0m26.515 ms - 6328\u001b[0m\n","timestamp":"2018-10-12T08:20:38.832Z"}
{"level":"info","message":"\u001b[0mGET /apidoc/vendor/semver.min.js?v=1539332438784 \u001b[32m200 \u001b[0m24.148 ms - 12950\u001b[0m\n","timestamp":"2018-10-12T08:20:38.836Z"}
{"level":"info","message":"\u001b[0mGET /apidoc/vendor/webfontloader.js?v=1539332438784 \u001b[32m200 \u001b[0m24.152 ms - 12492\u001b[0m\n","timestamp":"2018-10-12T08:20:38.838Z"}
{"level":"info","message":"\u001b[0mGET /apidoc/vendor/list.min.js?v=1539332438784 \u001b[32m200 \u001b[0m14.927 ms - 15952\u001b[0m\n","timestamp":"2018-10-12T08:20:38.840Z"}
{"level":"info","message":"\u001b[0mGET /apidoc/vendor/path-to-regexp/index.js?v=1539332438784 \u001b[32m200 \u001b[0m12.274 ms - 5147\u001b[0m\n","timestamp":"2018-10-12T08:20:38.842Z"}
{"level":"info","message":"\u001b[0mGET /apidoc/vendor/prettify/prettify.js?v=1539332438784 \u001b[32m200 \u001b[0m15.200 ms - 15261\u001b[0m\n","timestamp":"2018-10-12T08:20:38.851Z"}
{"level":"info","message":"\u001b[0mGET /apidoc/vendor/handlebars.min.js?v=1539332438784 \u001b[32m200 \u001b[0m18.420 ms - 72614\u001b[0m\n","timestamp":"2018-10-12T08:20:38.858Z"}
{"level":"info","message":"\u001b[0mGET /apidoc/locales/ca.js?v=1539332438784 \u001b[32m200 \u001b[0m15.684 ms - 1225\u001b[0m\n","timestamp":"2018-10-12T08:20:38.859Z"}
{"level":"info","message":"\u001b[0mGET /apidoc/locales/de.js?v=1539332438784 \u001b[32m200 \u001b[0m15.567 ms - 1234\u001b[0m\n","timestamp":"2018-10-12T08:20:38.865Z"}
{"level":"info","message":"\u001b[0mGET /apidoc/locales/es.js?v=1539332438784 \u001b[32m200 \u001b[0m23.577 ms - 1244\u001b[0m\n","timestamp":"2018-10-12T08:20:38.871Z"}
{"level":"info","message":"\u001b[0mGET /apidoc/locales/fr.js?v=1539332438784 \u001b[32m200 \u001b[0m22.460 ms - 1264\u001b[0m\n","timestamp":"2018-10-12T08:20:38.874Z"}
{"level":"info","message":"\u001b[0mGET /apidoc/locales/it.js?v=1539332438784 \u001b[32m200 \u001b[0m21.051 ms - 1249\u001b[0m\n","timestamp":"2018-10-12T08:20:38.881Z"}
{"level":"info","message":"\u001b[0mGET /apidoc/locales/nl.js?v=1539332438784 \u001b[32m200 \u001b[0m8.773 ms - 1241\u001b[0m\n","timestamp":"2018-10-12T08:20:38.890Z"}
{"level":"info","message":"\u001b[0mGET /apidoc/locales/pl.js?v=1539332438784 \u001b[32m200 \u001b[0m14.933 ms - 1226\u001b[0m\n","timestamp":"2018-10-12T08:20:38.890Z"}
{"level":"info","message":"\u001b[0mGET /apidoc/locales/pt_br.js?v=1539332438784 \u001b[32m200 \u001b[0m15.502 ms - 1236\u001b[0m\n","timestamp":"2018-10-12T08:20:38.892Z"}
{"level":"info","message":"\u001b[0mGET /apidoc/locales/ro.js?v=1539332438784 \u001b[32m200 \u001b[0m15.812 ms - 1238\u001b[0m\n","timestamp":"2018-10-12T08:20:38.892Z"}
{"level":"info","message":"\u001b[0mGET /apidoc/locales/ru.js?v=1539332438784 \u001b[32m200 \u001b[0m15.655 ms - 1481\u001b[0m\n","timestamp":"2018-10-12T08:20:38.893Z"}
{"level":"info","message":"\u001b[0mGET /apidoc/locales/tr.js?v=1539332438784 \u001b[32m200 \u001b[0m15.910 ms - 1246\u001b[0m\n","timestamp":"2018-10-12T08:20:38.899Z"}
{"level":"info","message":"\u001b[0mGET /apidoc/locales/vi.js?v=1539332438784 \u001b[32m200 \u001b[0m5.722 ms - 1328\u001b[0m\n","timestamp":"2018-10-12T08:20:38.901Z"}
{"level":"info","message":"\u001b[0mGET /apidoc/locales/zh.js?v=1539332438784 \u001b[32m200 \u001b[0m5.706 ms - 1163\u001b[0m\n","timestamp":"2018-10-12T08:20:38.903Z"}
{"level":"info","message":"\u001b[0mGET /apidoc/locales/zh_cn.js?v=1539332438784 \u001b[32m200 \u001b[0m7.714 ms - 1186\u001b[0m\n","timestamp":"2018-10-12T08:20:38.906Z"}
{"level":"info","message":"\u001b[0mGET /apidoc/vendor/bootstrap.min.js?v=1539332438784 \u001b[32m200 \u001b[0m9.801 ms - 37045\u001b[0m\n","timestamp":"2018-10-12T08:20:38.911Z"}
{"level":"info","message":"\u001b[0mGET /apidoc/utils/handlebars_helper.js?v=1539332438784 \u001b[32m200 \u001b[0m14.379 ms - 10277\u001b[0m\n","timestamp":"2018-10-12T08:20:38.915Z"}
{"level":"info","message":"\u001b[0mGET /apidoc/vendor/diff_match_patch.min.js?v=1539332438784 \u001b[32m200 \u001b[0m0.509 ms - 19192\u001b[0m\n","timestamp":"2018-10-12T08:20:38.924Z"}
{"level":"info","message":"\u001b[0mGET /apidoc/ \u001b[32m200 \u001b[0m15.007 ms - 27577\u001b[0m\n","timestamp":"2018-10-12T08:22:39.408Z"}
{"level":"info","message":"\u001b[0mGET /apidoc/main.js \u001b[32m200 \u001b[0m27.410 ms - 28722\u001b[0m\n","timestamp":"2018-10-12T08:22:39.419Z"}
{"level":"info","message":"\u001b[0mGET /apidoc/css/style.css \u001b[32m200 \u001b[0m28.739 ms - 10418\u001b[0m\n","timestamp":"2018-10-12T08:22:39.420Z"}
{"level":"info","message":"\u001b[0mGET /apidoc/vendor/require.min.js \u001b[32m200 \u001b[0m29.297 ms - 15825\u001b[0m\n","timestamp":"2018-10-12T08:22:39.420Z"}
{"level":"info","message":"\u001b[0mGET /apidoc/vendor/prettify.css \u001b[32m200 \u001b[0m29.794 ms - 1956\u001b[0m\n","timestamp":"2018-10-12T08:22:39.425Z"}
{"level":"info","message":"\u001b[0mGET /apidoc/vendor/bootstrap.min.css \u001b[32m200 \u001b[0m27.240 ms - 121200\u001b[0m\n","timestamp":"2018-10-12T08:22:39.427Z"}
{"level":"info","message":"\u001b[0mGET /apidoc/vendor/polyfill.js \u001b[32m200 \u001b[0m8.358 ms - 2900\u001b[0m\n","timestamp":"2018-10-12T08:22:39.433Z"}
{"level":"info","message":"\u001b[0mGET /apidoc/vendor/lodash.custom.min.js?v=1539332438784 \u001b[32m200 \u001b[0m9.923 ms - 19579\u001b[0m\n","timestamp":"2018-10-12T08:22:39.434Z"}
{"level":"info","message":"\u001b[0mGET /apidoc/locales/locale.js?v=1539332438784 \u001b[32m200 \u001b[0m11.080 ms - 1226\u001b[0m\n","timestamp":"2018-10-12T08:22:39.435Z"}
{"level":"info","message":"\u001b[0mGET /apidoc/vendor/jquery.min.js?v=1539332438784 \u001b[32m200 \u001b[0m8.386 ms - 85630\u001b[0m\n","timestamp":"2018-10-12T08:22:39.436Z"}
{"level":"info","message":"\u001b[0mGET /apidoc/api_project.js?v=1539332438784 \u001b[32m200 \u001b[0m11.105 ms - 394\u001b[0m\n","timestamp":"2018-10-12T08:22:39.440Z"}
{"level":"info","message":"\u001b[0mGET /apidoc/api_data.js?v=1539332438784 \u001b[32m200 \u001b[0m12.933 ms - 12662\u001b[0m\n","timestamp":"2018-10-12T08:22:39.444Z"}
{"level":"info","message":"\u001b[0mGET /apidoc/utils/send_sample_request.js?v=1539332438784 \u001b[32m200 \u001b[0m8.114 ms - 6328\u001b[0m\n","timestamp":"2018-10-12T08:22:39.445Z"}
{"level":"info","message":"\u001b[0mGET /apidoc/vendor/semver.min.js?v=1539332438784 \u001b[32m200 \u001b[0m8.240 ms - 12950\u001b[0m\n","timestamp":"2018-10-12T08:22:39.447Z"}
{"level":"info","message":"\u001b[0mGET /apidoc/vendor/path-to-regexp/index.js?v=1539332438784 \u001b[32m200 \u001b[0m7.584 ms - 5147\u001b[0m\n","timestamp":"2018-10-12T08:22:39.450Z"}
{"level":"info","message":"\u001b[0mGET /apidoc/vendor/list.min.js?v=1539332438784 \u001b[32m200 \u001b[0m8.209 ms - 15952\u001b[0m\n","timestamp":"2018-10-12T08:22:39.451Z"}
{"level":"info","message":"\u001b[0mGET /apidoc/vendor/webfontloader.js?v=1539332438784 \u001b[32m200 \u001b[0m12.721 ms - 12492\u001b[0m\n","timestamp":"2018-10-12T08:22:39.457Z"}
{"level":"info","message":"\u001b[0mGET /apidoc/locales/ca.js?v=1539332438784 \u001b[32m200 \u001b[0m8.335 ms - 1225\u001b[0m\n","timestamp":"2018-10-12T08:22:39.462Z"}
{"level":"info","message":"\u001b[0mGET /apidoc/vendor/prettify/prettify.js?v=1539332438784 \u001b[32m200 \u001b[0m8.947 ms - 15261\u001b[0m\n","timestamp":"2018-10-12T08:22:39.466Z"}
{"level":"info","message":"\u001b[0mGET /apidoc/vendor/handlebars.min.js?v=1539332438784 \u001b[32m200 \u001b[0m8.540 ms - 72614\u001b[0m\n","timestamp":"2018-10-12T08:22:39.467Z"}
{"level":"info","message":"\u001b[0mGET /apidoc/locales/es.js?v=1539332438784 \u001b[32m200 \u001b[0m13.318 ms - 1244\u001b[0m\n","timestamp":"2018-10-12T08:22:39.468Z"}
{"level":"info","message":"\u001b[0mGET /apidoc/locales/de.js?v=1539332438784 \u001b[32m200 \u001b[0m13.263 ms - 1234\u001b[0m\n","timestamp":"2018-10-12T08:22:39.469Z"}
{"level":"info","message":"\u001b[0mGET /apidoc/locales/it.js?v=1539332438784 \u001b[32m200 \u001b[0m15.759 ms - 1249\u001b[0m\n","timestamp":"2018-10-12T08:22:39.476Z"}
{"level":"info","message":"\u001b[0mGET /apidoc/locales/fr.js?v=1539332438784 \u001b[32m200 \u001b[0m10.720 ms - 1264\u001b[0m\n","timestamp":"2018-10-12T08:22:39.481Z"}
{"level":"info","message":"\u001b[0mGET /apidoc/locales/pl.js?v=1539332438784 \u001b[32m200 \u001b[0m10.627 ms - 1226\u001b[0m\n","timestamp":"2018-10-12T08:22:39.482Z"}
{"level":"info","message":"\u001b[0mGET /apidoc/locales/pt_br.js?v=1539332438784 \u001b[32m200 \u001b[0m16.793 ms - 1236\u001b[0m\n","timestamp":"2018-10-12T08:22:39.491Z"}
{"level":"info","message":"\u001b[0mGET /apidoc/locales/ro.js?v=1539332438784 \u001b[32m200 \u001b[0m16.329 ms - 1238\u001b[0m\n","timestamp":"2018-10-12T08:22:39.491Z"}
{"level":"info","message":"\u001b[0mGET /apidoc/locales/tr.js?v=1539332438784 \u001b[32m200 \u001b[0m16.775 ms - 1246\u001b[0m\n","timestamp":"2018-10-12T08:22:39.492Z"}
{"level":"info","message":"\u001b[0mGET /apidoc/locales/ru.js?v=1539332438784 \u001b[32m200 \u001b[0m18.151 ms - 1481\u001b[0m\n","timestamp":"2018-10-12T08:22:39.499Z"}
{"level":"info","message":"\u001b[0mGET /apidoc/locales/vi.js?v=1539332438784 \u001b[32m200 \u001b[0m7.014 ms - 1328\u001b[0m\n","timestamp":"2018-10-12T08:22:39.500Z"}
{"level":"info","message":"\u001b[0mGET /apidoc/locales/zh.js?v=1539332438784 \u001b[32m200 \u001b[0m7.271 ms - 1163\u001b[0m\n","timestamp":"2018-10-12T08:22:39.502Z"}
{"level":"info","message":"\u001b[0mGET /apidoc/locales/zh_cn.js?v=1539332438784 \u001b[32m200 \u001b[0m7.507 ms - 1186\u001b[0m\n","timestamp":"2018-10-12T08:22:39.503Z"}
{"level":"info","message":"\u001b[0mGET /apidoc/locales/nl.js?v=1539332438784 \u001b[32m200 \u001b[0m9.075 ms - 1241\u001b[0m\n","timestamp":"2018-10-12T08:22:39.504Z"}
{"level":"info","message":"\u001b[0mGET /apidoc/vendor/diff_match_patch.min.js?v=1539332438784 \u001b[32m200 \u001b[0m9.910 ms - 19192\u001b[0m\n","timestamp":"2018-10-12T08:22:39.505Z"}
{"level":"info","message":"\u001b[0mGET /apidoc/utils/handlebars_helper.js?v=1539332438784 \u001b[32m200 \u001b[0m6.336 ms - 10277\u001b[0m\n","timestamp":"2018-10-12T08:22:39.508Z"}
{"level":"info","message":"\u001b[0mGET /apidoc/vendor/bootstrap.min.js?v=1539332438784 \u001b[32m200 \u001b[0m3.598 ms - 37045\u001b[0m\n","timestamp":"2018-10-12T08:22:39.510Z"}
{"level":"info","message":"\u001b[0mGET /apidoc/vendor/require.min.js \u001b[32m200 \u001b[0m4.069 ms - 15825\u001b[0m\n","timestamp":"2018-10-12T08:22:39.511Z"}
{"level":"info","message":"\u001b[0mGET /apidoc/vendor/prettify.css \u001b[32m200 \u001b[0m6.188 ms - 1956\u001b[0m\n","timestamp":"2018-10-12T08:22:39.513Z"}
{"level":"info","message":"\u001b[0mGET /apidoc/css/style.css \u001b[32m200 \u001b[0m6.618 ms - 10418\u001b[0m\n","timestamp":"2018-10-12T08:22:39.514Z"}
{"level":"info","message":"\u001b[0mGET /apidoc/vendor/bootstrap.min.css \u001b[32m200 \u001b[0m4.042 ms - 121200\u001b[0m\n","timestamp":"2018-10-12T08:22:39.515Z"}
{"level":"info","message":"\u001b[0mGET /apidoc/vendor/polyfill.js \u001b[32m200 \u001b[0m4.501 ms - 2900\u001b[0m\n","timestamp":"2018-10-12T08:22:39.517Z"}
{"level":"info","message":"\u001b[0mGET /apidoc/main.js \u001b[32m200 \u001b[0m0.569 ms - 28722\u001b[0m\n","timestamp":"2018-10-12T08:22:39.541Z"}
{"level":"info","message":"\u001b[0mGET /apidoc/locales/locale.js?v=1539332559542 \u001b[32m200 \u001b[0m3.825 ms - 1226\u001b[0m\n","timestamp":"2018-10-12T08:22:39.564Z"}
{"level":"info","message":"\u001b[0mGET /apidoc/vendor/lodash.custom.min.js?v=1539332559542 \u001b[32m200 \u001b[0m8.286 ms - 19579\u001b[0m\n","timestamp":"2018-10-12T08:22:39.567Z"}
{"level":"info","message":"\u001b[0mGET /apidoc/api_project.js?v=1539332559542 \u001b[32m200 \u001b[0m12.513 ms - 394\u001b[0m\n","timestamp":"2018-10-12T08:22:39.572Z"}
{"level":"info","message":"\u001b[0mGET /apidoc/api_data.js?v=1539332559542 \u001b[32m200 \u001b[0m13.024 ms - 12662\u001b[0m\n","timestamp":"2018-10-12T08:22:39.572Z"}
{"level":"info","message":"\u001b[0mGET /apidoc/utils/send_sample_request.js?v=1539332559542 \u001b[32m200 \u001b[0m13.943 ms - 6328\u001b[0m\n","timestamp":"2018-10-12T08:22:39.574Z"}
{"level":"info","message":"\u001b[0mGET /apidoc/vendor/jquery.min.js?v=1539332559542 \u001b[32m200 \u001b[0m5.086 ms - 85630\u001b[0m\n","timestamp":"2018-10-12T08:22:39.577Z"}
{"level":"info","message":"\u001b[0mGET /apidoc/vendor/semver.min.js?v=1539332559542 \u001b[32m200 \u001b[0m5.342 ms - 12950\u001b[0m\n","timestamp":"2018-10-12T08:22:39.582Z"}
{"level":"info","message":"\u001b[0mGET /apidoc/vendor/webfontloader.js?v=1539332559542 \u001b[32m200 \u001b[0m7.287 ms - 12492\u001b[0m\n","timestamp":"2018-10-12T08:22:39.583Z"}
{"level":"info","message":"\u001b[0mGET /apidoc/vendor/path-to-regexp/index.js?v=1539332559542 \u001b[32m200 \u001b[0m7.592 ms - 5147\u001b[0m\n","timestamp":"2018-10-12T08:22:39.584Z"}
{"level":"info","message":"\u001b[0mGET /apidoc/vendor/list.min.js?v=1539332559542 \u001b[32m200 \u001b[0m7.717 ms - 15952\u001b[0m\n","timestamp":"2018-10-12T08:22:39.584Z"}
{"level":"info","message":"\u001b[0mGET /apidoc/vendor/prettify/prettify.js?v=1539332559542 \u001b[32m200 \u001b[0m9.146 ms - 15261\u001b[0m\n","timestamp":"2018-10-12T08:22:39.589Z"}
{"level":"info","message":"\u001b[0mGET /apidoc/vendor/handlebars.min.js?v=1539332559542 \u001b[32m200 \u001b[0m10.135 ms - 72614\u001b[0m\n","timestamp":"2018-10-12T08:22:39.592Z"}
{"level":"info","message":"\u001b[0mGET /apidoc/locales/ca.js?v=1539332559542 \u001b[32m200 \u001b[0m8.739 ms - 1225\u001b[0m\n","timestamp":"2018-10-12T08:22:39.593Z"}
{"level":"info","message":"\u001b[0mGET /apidoc/locales/de.js?v=1539332559542 \u001b[32m200 \u001b[0m8.813 ms - 1234\u001b[0m\n","timestamp":"2018-10-12T08:22:39.595Z"}
{"level":"info","message":"\u001b[0mGET /apidoc/locales/es.js?v=1539332559542 \u001b[32m200 \u001b[0m8.993 ms - 1244\u001b[0m\n","timestamp":"2018-10-12T08:22:39.597Z"}
{"level":"info","message":"\u001b[0mGET /apidoc/locales/fr.js?v=1539332559542 \u001b[32m200 \u001b[0m10.607 ms - 1264\u001b[0m\n","timestamp":"2018-10-12T08:22:39.599Z"}
{"level":"info","message":"\u001b[0mGET /apidoc/locales/it.js?v=1539332559542 \u001b[32m200 \u001b[0m9.714 ms - 1249\u001b[0m\n","timestamp":"2018-10-12T08:22:39.602Z"}
{"level":"info","message":"\u001b[0mGET /apidoc/locales/nl.js?v=1539332559542 \u001b[32m200 \u001b[0m9.558 ms - 1241\u001b[0m\n","timestamp":"2018-10-12T08:22:39.603Z"}
{"level":"info","message":"\u001b[0mGET /apidoc/locales/pl.js?v=1539332559542 \u001b[32m200 \u001b[0m5.253 ms - 1226\u001b[0m\n","timestamp":"2018-10-12T08:22:39.605Z"}
{"level":"info","message":"\u001b[0mGET /apidoc/locales/ro.js?v=1539332559542 \u001b[32m200 \u001b[0m5.661 ms - 1238\u001b[0m\n","timestamp":"2018-10-12T08:22:39.607Z"}
{"level":"info","message":"\u001b[0mGET /apidoc/locales/ru.js?v=1539332559542 \u001b[32m200 \u001b[0m7.609 ms - 1481\u001b[0m\n","timestamp":"2018-10-12T08:22:39.608Z"}
{"level":"info","message":"\u001b[0mGET /apidoc/locales/pt_br.js?v=1539332559542 \u001b[32m200 \u001b[0m8.840 ms - 1236\u001b[0m\n","timestamp":"2018-10-12T08:22:39.610Z"}
{"level":"info","message":"\u001b[0mGET /apidoc/locales/tr.js?v=1539332559542 \u001b[32m200 \u001b[0m14.003 ms - 1246\u001b[0m\n","timestamp":"2018-10-12T08:22:39.619Z"}
{"level":"info","message":"\u001b[0mGET /apidoc/locales/vi.js?v=1539332559542 \u001b[32m200 \u001b[0m10.266 ms - 1328\u001b[0m\n","timestamp":"2018-10-12T08:22:39.622Z"}
{"level":"info","message":"\u001b[0mGET /apidoc/locales/zh.js?v=1539332559542 \u001b[32m200 \u001b[0m10.201 ms - 1163\u001b[0m\n","timestamp":"2018-10-12T08:22:39.624Z"}
{"level":"info","message":"\u001b[0mGET /apidoc/locales/zh_cn.js?v=1539332559542 \u001b[32m200 \u001b[0m8.542 ms - 1186\u001b[0m\n","timestamp":"2018-10-12T08:22:39.625Z"}
{"level":"info","message":"\u001b[0mGET /apidoc/utils/handlebars_helper.js?v=1539332559542 \u001b[32m200 \u001b[0m7.176 ms - 10277\u001b[0m\n","timestamp":"2018-10-12T08:22:39.626Z"}
{"level":"info","message":"\u001b[0mGET /apidoc/vendor/bootstrap.min.js?v=1539332559542 \u001b[32m200 \u001b[0m7.312 ms - 37045\u001b[0m\n","timestamp":"2018-10-12T08:22:39.627Z"}
{"level":"info","message":"\u001b[0mGET /apidoc/vendor/diff_match_patch.min.js?v=1539332559542 \u001b[32m200 \u001b[0m0.542 ms - 19192\u001b[0m\n","timestamp":"2018-10-12T08:22:39.639Z"}
{"level":"info","message":"Update User id:1 called","timestamp":"2018-10-12T08:28:30.949Z"}
{"message":"User 1 updated","level":"info","timestamp":"2018-10-12T08:28:30.951Z"}
{"user":{"_id":"1","firstName":"Natasha","lastName":"Kerensky","nickname":"Dragoons","password":"72ec8aac1a9c842a47de2dc8c81532d853611d7f590c80aa30af670e472f7236","email":"jamie@wolf23.com","country":"InnerSphere"},"level":"info","message":"","timestamp":"2018-10-12T08:28:30.951Z"}
{"level":"info","message":"\u001b[0mPUT /users/1 \u001b[32m200 \u001b[0m46.746 ms - 27\u001b[0m\n","timestamp":"2018-10-12T08:28:30.959Z"}
{"message":"Competition microservice notified: user changed nickname","level":"info","timestamp":"2018-10-12T08:28:31.015Z"}
{"level":"info","message":"\u001b[0mGET /apidoc/ \u001b[32m200 \u001b[0m8.910 ms - 27577\u001b[0m\n","timestamp":"2018-10-12T08:35:17.277Z"}
{"level":"info","message":"\u001b[0mGET /apidoc/vendor/bootstrap.min.css \u001b[36m304 \u001b[0m6.301 ms - -\u001b[0m\n","timestamp":"2018-10-12T08:35:17.294Z"}
{"level":"info","message":"\u001b[0mGET /apidoc/vendor/polyfill.js \u001b[36m304 \u001b[0m9.922 ms - -\u001b[0m\n","timestamp":"2018-10-12T08:35:17.301Z"}
{"level":"info","message":"\u001b[0mGET /apidoc/css/style.css \u001b[36m304 \u001b[0m11.289 ms - -\u001b[0m\n","timestamp":"2018-10-12T08:35:17.303Z"}
{"level":"info","message":"\u001b[0mGET /apidoc/vendor/prettify.css \u001b[36m304 \u001b[0m5.130 ms - -\u001b[0m\n","timestamp":"2018-10-12T08:35:17.305Z"}
{"level":"info","message":"\u001b[0mGET /apidoc/vendor/require.min.js \u001b[36m304 \u001b[0m5.425 ms - -\u001b[0m\n","timestamp":"2018-10-12T08:35:17.306Z"}
{"level":"info","message":"\u001b[0mGET /apidoc/main.js \u001b[36m304 \u001b[0m1.704 ms - -\u001b[0m\n","timestamp":"2018-10-12T08:35:17.329Z"}
{"level":"info","message":"\u001b[0mGET /apidoc/vendor/lodash.custom.min.js?v=1539333317330 \u001b[32m200 \u001b[0m5.260 ms - 19579\u001b[0m\n","timestamp":"2018-10-12T08:35:17.349Z"}
{"level":"info","message":"\u001b[0mGET /apidoc/locales/locale.js?v=1539333317330 \u001b[32m200 \u001b[0m6.158 ms - 1226\u001b[0m\n","timestamp":"2018-10-12T08:35:17.350Z"}
{"level":"info","message":"\u001b[0mGET /apidoc/api_project.js?v=1539333317330 \u001b[32m200 \u001b[0m7.112 ms - 394\u001b[0m\n","timestamp":"2018-10-12T08:35:17.352Z"}
{"level":"info","message":"\u001b[0mGET /apidoc/api_data.js?v=1539333317330 \u001b[32m200 \u001b[0m7.902 ms - 12662\u001b[0m\n","timestamp":"2018-10-12T08:35:17.353Z"}
{"level":"info","message":"\u001b[0mGET /apidoc/utils/send_sample_request.js?v=1539333317330 \u001b[32m200 \u001b[0m14.625 ms - 6328\u001b[0m\n","timestamp":"2018-10-12T08:35:17.361Z"}
{"level":"info","message":"\u001b[0mGET /apidoc/vendor/jquery.min.js?v=1539333317330 \u001b[32m200 \u001b[0m5.126 ms - 85630\u001b[0m\n","timestamp":"2018-10-12T08:35:17.361Z"}
{"level":"info","message":"\u001b[0mGET /apidoc/vendor/semver.min.js?v=1539333317330 \u001b[32m200 \u001b[0m5.372 ms - 12950\u001b[0m\n","timestamp":"2018-10-12T08:35:17.365Z"}
{"level":"info","message":"\u001b[0mGET /apidoc/vendor/webfontloader.js?v=1539333317330 \u001b[32m200 \u001b[0m7.110 ms - 12492\u001b[0m\n","timestamp":"2018-10-12T08:35:17.367Z"}
{"level":"info","message":"\u001b[0mGET /apidoc/vendor/path-to-regexp/index.js?v=1539333317330 \u001b[32m200 \u001b[0m7.486 ms - 5147\u001b[0m\n","timestamp":"2018-10-12T08:35:17.368Z"}
{"level":"info","message":"\u001b[0mGET /apidoc/vendor/list.min.js?v=1539333317330 \u001b[32m200 \u001b[0m8.192 ms - 15952\u001b[0m\n","timestamp":"2018-10-12T08:35:17.371Z"}
{"level":"info","message":"\u001b[0mGET /apidoc/vendor/prettify/prettify.js?v=1539333317330 \u001b[32m200 \u001b[0m9.338 ms - 15261\u001b[0m\n","timestamp":"2018-10-12T08:35:17.374Z"}
{"level":"info","message":"\u001b[0mGET /apidoc/vendor/handlebars.min.js?v=1539333317330 \u001b[32m200 \u001b[0m10.032 ms - 72614\u001b[0m\n","timestamp":"2018-10-12T08:35:17.378Z"}
{"level":"info","message":"\u001b[0mGET /apidoc/locales/ca.js?v=1539333317330 \u001b[32m200 \u001b[0m10.464 ms - 1225\u001b[0m\n","timestamp":"2018-10-12T08:35:17.381Z"}
{"level":"info","message":"\u001b[0mGET /apidoc/locales/de.js?v=1539333317330 \u001b[32m200 \u001b[0m10.483 ms - 1234\u001b[0m\n","timestamp":"2018-10-12T08:35:17.383Z"}
{"level":"info","message":"\u001b[0mGET /apidoc/locales/es.js?v=1539333317330 \u001b[32m200 \u001b[0m11.244 ms - 1244\u001b[0m\n","timestamp":"2018-10-12T08:35:17.385Z"}
{"level":"info","message":"\u001b[0mGET /apidoc/locales/fr.js?v=1539333317330 \u001b[32m200 \u001b[0m8.737 ms - 1264\u001b[0m\n","timestamp":"2018-10-12T08:35:17.387Z"}
{"level":"info","message":"\u001b[0mGET /apidoc/locales/it.js?v=1539333317330 \u001b[32m200 \u001b[0m9.890 ms - 1249\u001b[0m\n","timestamp":"2018-10-12T08:35:17.392Z"}
{"level":"info","message":"\u001b[0mGET /apidoc/locales/nl.js?v=1539333317330 \u001b[32m200 \u001b[0m14.199 ms - 1241\u001b[0m\n","timestamp":"2018-10-12T08:35:17.395Z"}
{"level":"info","message":"\u001b[0mGET /apidoc/locales/pl.js?v=1539333317330 \u001b[32m200 \u001b[0m15.058 ms - 1226\u001b[0m\n","timestamp":"2018-10-12T08:35:17.404Z"}
{"level":"info","message":"\u001b[0mGET /apidoc/locales/pt_br.js?v=1539333317330 \u001b[32m200 \u001b[0m16.462 ms - 1236\u001b[0m\n","timestamp":"2018-10-12T08:35:17.405Z"}
{"level":"info","message":"\u001b[0mGET /apidoc/locales/ro.js?v=1539333317330 \u001b[32m200 \u001b[0m16.377 ms - 1238\u001b[0m\n","timestamp":"2018-10-12T08:35:17.406Z"}
{"level":"info","message":"\u001b[0mGET /apidoc/locales/ru.js?v=1539333317330 \u001b[32m200 \u001b[0m14.693 ms - 1481\u001b[0m\n","timestamp":"2018-10-12T08:35:17.408Z"}
{"level":"info","message":"\u001b[0mGET /apidoc/locales/tr.js?v=1539333317330 \u001b[32m200 \u001b[0m18.516 ms - 1246\u001b[0m\n","timestamp":"2018-10-12T08:35:17.416Z"}
{"level":"info","message":"\u001b[0mGET /apidoc/locales/vi.js?v=1539333317330 \u001b[32m200 \u001b[0m17.964 ms - 1328\u001b[0m\n","timestamp":"2018-10-12T08:35:17.420Z"}
{"level":"info","message":"\u001b[0mGET /apidoc/locales/zh.js?v=1539333317330 \u001b[32m200 \u001b[0m11.616 ms - 1163\u001b[0m\n","timestamp":"2018-10-12T08:35:17.423Z"}
{"level":"info","message":"\u001b[0mGET /apidoc/locales/zh_cn.js?v=1539333317330 \u001b[32m200 \u001b[0m12.778 ms - 1186\u001b[0m\n","timestamp":"2018-10-12T08:35:17.425Z"}
{"level":"info","message":"\u001b[0mGET /apidoc/vendor/bootstrap.min.js?v=1539333317330 \u001b[32m200 \u001b[0m13.220 ms - 37045\u001b[0m\n","timestamp":"2018-10-12T08:35:17.428Z"}
{"level":"info","message":"\u001b[0mGET /apidoc/utils/handlebars_helper.js?v=1539333317330 \u001b[32m200 \u001b[0m9.855 ms - 10277\u001b[0m\n","timestamp":"2018-10-12T08:35:17.429Z"}
{"level":"info","message":"\u001b[0mGET /apidoc/vendor/diff_match_patch.min.js?v=1539333317330 \u001b[32m200 \u001b[0m1.470 ms - 19192\u001b[0m\n","timestamp":"2018-10-12T08:35:17.440Z"}
{"level":"info","message":"\u001b[0mGET /apidoc/ \u001b[36m304 \u001b[0m0.863 ms - -\u001b[0m\n","timestamp":"2018-10-12T08:37:04.899Z"}
{"level":"info","message":"\u001b[0mGET /apidoc/vendor/prettify.css \u001b[36m304 \u001b[0m6.887 ms - -\u001b[0m\n","timestamp":"2018-10-12T08:37:04.938Z"}
{"level":"info","message":"\u001b[0mGET /apidoc/css/style.css \u001b[36m304 \u001b[0m8.655 ms - -\u001b[0m\n","timestamp":"2018-10-12T08:37:04.941Z"}
{"level":"info","message":"\u001b[0mGET /apidoc/vendor/bootstrap.min.css \u001b[36m304 \u001b[0m9.511 ms - -\u001b[0m\n","timestamp":"2018-10-12T08:37:04.953Z"}
{"level":"info","message":"\u001b[0mGET /apidoc/vendor/require.min.js \u001b[36m304 \u001b[0m20.191 ms - -\u001b[0m\n","timestamp":"2018-10-12T08:37:04.957Z"}
{"level":"info","message":"\u001b[0mGET /apidoc/vendor/polyfill.js \u001b[36m304 \u001b[0m23.814 ms - -\u001b[0m\n","timestamp":"2018-10-12T08:37:04.959Z"}
{"level":"info","message":"\u001b[0mGET /apidoc/main.js \u001b[36m304 \u001b[0m0.487 ms - -\u001b[0m\n","timestamp":"2018-10-12T08:37:04.979Z"}
{"level":"info","message":"\u001b[0mGET /apidoc/vendor/lodash.custom.min.js?v=1539333424979 \u001b[32m200 \u001b[0m10.489 ms - 19579\u001b[0m\n","timestamp":"2018-10-12T08:37:05.005Z"}
{"level":"info","message":"\u001b[0mGET /apidoc/locales/locale.js?v=1539333424979 \u001b[32m200 \u001b[0m7.634 ms - 1226\u001b[0m\n","timestamp":"2018-10-12T08:37:05.007Z"}
{"level":"info","message":"\u001b[0mGET /apidoc/api_project.js?v=1539333424979 \u001b[32m200 \u001b[0m14.799 ms - 394\u001b[0m\n","timestamp":"2018-10-12T08:37:05.016Z"}
{"level":"info","message":"\u001b[0mGET /apidoc/api_data.js?v=1539333424979 \u001b[32m200 \u001b[0m18.504 ms - 12662\u001b[0m\n","timestamp":"2018-10-12T08:37:05.018Z"}
{"level":"info","message":"\u001b[0mGET /apidoc/utils/send_sample_request.js?v=1539333424979 \u001b[32m200 \u001b[0m19.032 ms - 6328\u001b[0m\n","timestamp":"2018-10-12T08:37:05.020Z"}
{"level":"info","message":"\u001b[0mGET /apidoc/vendor/jquery.min.js?v=1539333424979 \u001b[32m200 \u001b[0m9.751 ms - 85630\u001b[0m\n","timestamp":"2018-10-12T08:37:05.022Z"}
{"level":"info","message":"\u001b[0mGET /apidoc/vendor/semver.min.js?v=1539333424979 \u001b[32m200 \u001b[0m4.245 ms - 12950\u001b[0m\n","timestamp":"2018-10-12T08:37:05.028Z"}
{"level":"info","message":"\u001b[0mGET /apidoc/vendor/webfontloader.js?v=1539333424979 \u001b[32m200 \u001b[0m7.306 ms - 12492\u001b[0m\n","timestamp":"2018-10-12T08:37:05.029Z"}
{"level":"info","message":"\u001b[0mGET /apidoc/vendor/list.min.js?v=1539333424979 \u001b[32m200 \u001b[0m8.666 ms - 15952\u001b[0m\n","timestamp":"2018-10-12T08:37:05.031Z"}
{"level":"info","message":"\u001b[0mGET /apidoc/vendor/path-to-regexp/index.js?v=1539333424979 \u001b[32m200 \u001b[0m7.596 ms - 5147\u001b[0m\n","timestamp":"2018-10-12T08:37:05.032Z"}
{"level":"info","message":"\u001b[0mGET /apidoc/vendor/prettify/prettify.js?v=1539333424979 \u001b[32m200 \u001b[0m10.521 ms - 15261\u001b[0m\n","timestamp":"2018-10-12T08:37:05.033Z"}
{"level":"info","message":"\u001b[0mGET /apidoc/vendor/handlebars.min.js?v=1539333424979 \u001b[32m200 \u001b[0m11.171 ms - 72614\u001b[0m\n","timestamp":"2018-10-12T08:37:05.037Z"}
{"level":"info","message":"\u001b[0mGET /apidoc/locales/de.js?v=1539333424979 \u001b[32m200 \u001b[0m5.776 ms - 1234\u001b[0m\n","timestamp":"2018-10-12T08:37:05.040Z"}
{"level":"info","message":"\u001b[0mGET /apidoc/locales/es.js?v=1539333424979 \u001b[32m200 \u001b[0m9.314 ms - 1244\u001b[0m\n","timestamp":"2018-10-12T08:37:05.044Z"}
{"level":"info","message":"\u001b[0mGET /apidoc/locales/fr.js?v=1539333424979 \u001b[32m200 \u001b[0m12.785 ms - 1264\u001b[0m\n","timestamp":"2018-10-12T08:37:05.049Z"}
{"level":"info","message":"\u001b[0mGET /apidoc/locales/it.js?v=1539333424979 \u001b[32m200 \u001b[0m14.328 ms - 1249\u001b[0m\n","timestamp":"2018-10-12T08:37:05.050Z"}
{"level":"info","message":"\u001b[0mGET /apidoc/locales/nl.js?v=1539333424979 \u001b[32m200 \u001b[0m16.681 ms - 1241\u001b[0m\n","timestamp":"2018-10-12T08:37:05.053Z"}
{"level":"info","message":"\u001b[0mGET /apidoc/locales/pl.js?v=1539333424979 \u001b[32m200 \u001b[0m12.637 ms - 1226\u001b[0m\n","timestamp":"2018-10-12T08:37:05.055Z"}
{"level":"info","message":"\u001b[0mGET /apidoc/locales/pt_br.js?v=1539333424979 \u001b[32m200 \u001b[0m6.681 ms - 1236\u001b[0m\n","timestamp":"2018-10-12T08:37:05.058Z"}
{"level":"info","message":"\u001b[0mGET /apidoc/locales/ro.js?v=1539333424979 \u001b[32m200 \u001b[0m8.153 ms - 1238\u001b[0m\n","timestamp":"2018-10-12T08:37:05.060Z"}
{"level":"info","message":"\u001b[0mGET /apidoc/locales/ru.js?v=1539333424979 \u001b[32m200 \u001b[0m8.857 ms - 1481\u001b[0m\n","timestamp":"2018-10-12T08:37:05.061Z"}
{"level":"info","message":"\u001b[0mGET /apidoc/locales/ca.js?v=1539333424979 \u001b[32m200 \u001b[0m9.422 ms - 1225\u001b[0m\n","timestamp":"2018-10-12T08:37:05.063Z"}
{"level":"info","message":"\u001b[0mGET /apidoc/locales/tr.js?v=1539333424979 \u001b[32m200 \u001b[0m10.606 ms - 1246\u001b[0m\n","timestamp":"2018-10-12T08:37:05.067Z"}
{"level":"info","message":"\u001b[0mGET /apidoc/locales/vi.js?v=1539333424979 \u001b[32m200 \u001b[0m10.028 ms - 1328\u001b[0m\n","timestamp":"2018-10-12T08:37:05.071Z"}
{"level":"info","message":"\u001b[0mGET /apidoc/locales/zh.js?v=1539333424979 \u001b[32m200 \u001b[0m7.910 ms - 1163\u001b[0m\n","timestamp":"2018-10-12T08:37:05.073Z"}
{"level":"info","message":"\u001b[0mGET /apidoc/locales/zh_cn.js?v=1539333424979 \u001b[32m200 \u001b[0m8.021 ms - 1186\u001b[0m\n","timestamp":"2018-10-12T08:37:05.074Z"}
{"level":"info","message":"\u001b[0mGET /apidoc/utils/handlebars_helper.js?v=1539333424979 \u001b[32m200 \u001b[0m10.037 ms - 10277\u001b[0m\n","timestamp":"2018-10-12T08:37:05.079Z"}
{"level":"info","message":"\u001b[0mGET /apidoc/vendor/bootstrap.min.js?v=1539333424979 \u001b[32m200 \u001b[0m10.133 ms - 37045\u001b[0m\n","timestamp":"2018-10-12T08:37:05.080Z"}
{"level":"info","message":"\u001b[0mGET /apidoc/vendor/diff_match_patch.min.js?v=1539333424979 \u001b[32m200 \u001b[0m0.525 ms - 19192\u001b[0m\n","timestamp":"2018-10-12T08:37:05.085Z"}
